pintos -v -k -T 60 --qemu  --filesys-size=2 -p tests/userprog/args-none -a args-none -- -q  -f run args-none < /dev/null 2> tests/userprog/args-none.errors > tests/userprog/args-none.output
perl -I../.. ../../tests/userprog/args-none.ck tests/userprog/args-none tests/userprog/args-none.result
pass tests/userprog/args-none
pintos -v -k -T 60 --qemu  --filesys-size=2 -p tests/userprog/args-single -a args-single -- -q  -f run 'args-single onearg' < /dev/null 2> tests/userprog/args-single.errors > tests/userprog/args-single.output
perl -I../.. ../../tests/userprog/args-single.ck tests/userprog/args-single tests/userprog/args-single.result
pass tests/userprog/args-single
pintos -v -k -T 60 --qemu  --filesys-size=2 -p tests/userprog/args-multiple -a args-multiple -- -q  -f run 'args-multiple some arguments for you!' < /dev/null 2> tests/userprog/args-multiple.errors > tests/userprog/t
perl -I../.. ../../tests/userprog/args-multiple.ck tests/userprog/args-multiple tests/userprog/args-multiple.result
pass tests/userprog/args-multiple
pintos -v -k -T 60 --qemu  --filesys-size=2 -p tests/userprog/args-many -a args-many -- -q  -f run 'args-many a b c d e f g h i j k l m n o p q r s t u v' < /dev/null 2> tests/userprog/args-many.errors > tests/userpt
perl -I../.. ../../tests/userprog/args-many.ck tests/userprog/args-many tests/userprog/args-many.result
pass tests/userprog/args-many
pintos -v -k -T 60 --qemu  --filesys-size=2 -p tests/userprog/args-dbl-space -a args-dbl-space -- -q  -f run 'args-dbl-space two  spaces!' < /dev/null 2> tests/userprog/args-dbl-space.errors > tests/userprog/args-dbt
perl -I../.. ../../tests/userprog/args-dbl-space.ck tests/userprog/args-dbl-space tests/userprog/args-dbl-space.result
pass tests/userprog/args-dbl-space
pintos -v -k -T 60 --qemu  --filesys-size=2 -p tests/userprog/sc-bad-sp -a sc-bad-sp -- -q  -f run sc-bad-sp < /dev/null 2> tests/userprog/sc-bad-sp.errors > tests/userprog/sc-bad-sp.output
perl -I../.. ../../tests/userprog/sc-bad-sp.ck tests/userprog/sc-bad-sp tests/userprog/sc-bad-sp.result
pass tests/userprog/sc-bad-sp
pintos -v -k -T 60 --qemu  --filesys-size=2 -p tests/userprog/sc-bad-arg -a sc-bad-arg -- -q  -f run sc-bad-arg < /dev/null 2> tests/userprog/sc-bad-arg.errors > tests/userprog/sc-bad-arg.output
perl -I../.. ../../tests/userprog/sc-bad-arg.ck tests/userprog/sc-bad-arg tests/userprog/sc-bad-arg.result
pass tests/userprog/sc-bad-arg
pintos -v -k -T 60 --qemu  --filesys-size=2 -p tests/userprog/sc-boundary -a sc-boundary -- -q  -f run sc-boundary < /dev/null 2> tests/userprog/sc-boundary.errors > tests/userprog/sc-boundary.output
perl -I../.. ../../tests/userprog/sc-boundary.ck tests/userprog/sc-boundary tests/userprog/sc-boundary.result
pass tests/userprog/sc-boundary
pintos -v -k -T 60 --qemu  --filesys-size=2 -p tests/userprog/sc-boundary-2 -a sc-boundary-2 -- -q  -f run sc-boundary-2 < /dev/null 2> tests/userprog/sc-boundary-2.errors > tests/userprog/sc-boundary-2.output
perl -I../.. ../../tests/userprog/sc-boundary-2.ck tests/userprog/sc-boundary-2 tests/userprog/sc-boundary-2.result
pass tests/userprog/sc-boundary-2
pintos -v -k -T 60 --qemu  --filesys-size=2 -p tests/userprog/sc-boundary-3 -a sc-boundary-3 -- -q  -f run sc-boundary-3 < /dev/null 2> tests/userprog/sc-boundary-3.errors > tests/userprog/sc-boundary-3.output
perl -I../.. ../../tests/userprog/sc-boundary-3.ck tests/userprog/sc-boundary-3 tests/userprog/sc-boundary-3.result
pass tests/userprog/sc-boundary-3
pintos -v -k -T 60 --qemu  --filesys-size=2 -p tests/userprog/halt -a halt -- -q  -f run halt < /dev/null 2> tests/userprog/halt.errors > tests/userprog/halt.output
perl -I../.. ../../tests/userprog/halt.ck tests/userprog/halt tests/userprog/halt.result
pass tests/userprog/halt
pintos -v -k -T 60 --qemu  --filesys-size=2 -p tests/userprog/exit -a exit -- -q  -f run exit < /dev/null 2> tests/userprog/exit.errors > tests/userprog/exit.output
perl -I../.. ../../tests/userprog/exit.ck tests/userprog/exit tests/userprog/exit.result
pass tests/userprog/exit
pintos -v -k -T 60 --qemu  --filesys-size=2 -p tests/userprog/create-normal -a create-normal -- -q  -f run create-normal < /dev/null 2> tests/userprog/create-normal.errors > tests/userprog/create-normal.output
perl -I../.. ../../tests/userprog/create-normal.ck tests/userprog/create-normal tests/userprog/create-normal.result
pass tests/userprog/create-normal
pintos -v -k -T 60 --qemu  --filesys-size=2 -p tests/userprog/create-empty -a create-empty -- -q  -f run create-empty < /dev/null 2> tests/userprog/create-empty.errors > tests/userprog/create-empty.output
perl -I../.. ../../tests/userprog/create-empty.ck tests/userprog/create-empty tests/userprog/create-empty.result
pass tests/userprog/create-empty
pintos -v -k -T 60 --qemu  --filesys-size=2 -p tests/userprog/create-null -a create-null -- -q  -f run create-null < /dev/null 2> tests/userprog/create-null.errors > tests/userprog/create-null.output
perl -I../.. ../../tests/userprog/create-null.ck tests/userprog/create-null tests/userprog/create-null.result
pass tests/userprog/create-null
pintos -v -k -T 60 --qemu  --filesys-size=2 -p tests/userprog/create-bad-ptr -a create-bad-ptr -- -q  -f run create-bad-ptr < /dev/null 2> tests/userprog/create-bad-ptr.errors > tests/userprog/create-bad-ptr.output
perl -I../.. ../../tests/userprog/create-bad-ptr.ck tests/userprog/create-bad-ptr tests/userprog/create-bad-ptr.result
pass tests/userprog/create-bad-ptr
pintos -v -k -T 60 --qemu  --filesys-size=2 -p tests/userprog/create-long -a create-long -- -q  -f run create-long < /dev/null 2> tests/userprog/create-long.errors > tests/userprog/create-long.output
perl -I../.. ../../tests/userprog/create-long.ck tests/userprog/create-long tests/userprog/create-long.result
pass tests/userprog/create-long
pintos -v -k -T 60 --qemu  --filesys-size=2 -p tests/userprog/create-exists -a create-exists -- -q  -f run create-exists < /dev/null 2> tests/userprog/create-exists.errors > tests/userprog/create-exists.output
perl -I../.. ../../tests/userprog/create-exists.ck tests/userprog/create-exists tests/userprog/create-exists.result
pass tests/userprog/create-exists
pintos -v -k -T 60 --qemu  --filesys-size=2 -p tests/userprog/create-bound -a create-bound -- -q  -f run create-bound < /dev/null 2> tests/userprog/create-bound.errors > tests/userprog/create-bound.output
perl -I../.. ../../tests/userprog/create-bound.ck tests/userprog/create-bound tests/userprog/create-bound.result
pass tests/userprog/create-bound
pintos -v -k -T 60 --qemu  --filesys-size=2 -p tests/userprog/open-normal -a open-normal -p ../../tests/userprog/sample.txt -a sample.txt -- -q  -f run open-normal < /dev/null 2> tests/userprog/open-normal.errors > t
perl -I../.. ../../tests/userprog/open-normal.ck tests/userprog/open-normal tests/userprog/open-normal.result
pass tests/userprog/open-normal
pintos -v -k -T 60 --qemu  --filesys-size=2 -p tests/userprog/open-missing -a open-missing -- -q  -f run open-missing < /dev/null 2> tests/userprog/open-missing.errors > tests/userprog/open-missing.output
perl -I../.. ../../tests/userprog/open-missing.ck tests/userprog/open-missing tests/userprog/open-missing.result
pass tests/userprog/open-missing
pintos -v -k -T 60 --qemu  --filesys-size=2 -p tests/userprog/open-boundary -a open-boundary -p ../../tests/userprog/sample.txt -a sample.txt -- -q  -f run open-boundary < /dev/null 2> tests/userprog/open-boundary.et
perl -I../.. ../../tests/userprog/open-boundary.ck tests/userprog/open-boundary tests/userprog/open-boundary.result
pass tests/userprog/open-boundary
pintos -v -k -T 60 --qemu  --filesys-size=2 -p tests/userprog/open-empty -a open-empty -- -q  -f run open-empty < /dev/null 2> tests/userprog/open-empty.errors > tests/userprog/open-empty.output
perl -I../.. ../../tests/userprog/open-empty.ck tests/userprog/open-empty tests/userprog/open-empty.result
pass tests/userprog/open-empty
pintos -v -k -T 60 --qemu  --filesys-size=2 -p tests/userprog/open-null -a open-null -- -q  -f run open-null < /dev/null 2> tests/userprog/open-null.errors > tests/userprog/open-null.output
perl -I../.. ../../tests/userprog/open-null.ck tests/userprog/open-null tests/userprog/open-null.result
pass tests/userprog/open-null
pintos -v -k -T 60 --qemu  --filesys-size=2 -p tests/userprog/open-bad-ptr -a open-bad-ptr -- -q  -f run open-bad-ptr < /dev/null 2> tests/userprog/open-bad-ptr.errors > tests/userprog/open-bad-ptr.output
perl -I../.. ../../tests/userprog/open-bad-ptr.ck tests/userprog/open-bad-ptr tests/userprog/open-bad-ptr.result
pass tests/userprog/open-bad-ptr
pintos -v -k -T 60 --qemu  --filesys-size=2 -p tests/userprog/open-twice -a open-twice -p ../../tests/userprog/sample.txt -a sample.txt -- -q  -f run open-twice < /dev/null 2> tests/userprog/open-twice.errors > testt
perl -I../.. ../../tests/userprog/open-twice.ck tests/userprog/open-twice tests/userprog/open-twice.result
pass tests/userprog/open-twice
pintos -v -k -T 60 --qemu  --filesys-size=2 -p tests/userprog/close-normal -a close-normal -p ../../tests/userprog/sample.txt -a sample.txt -- -q  -f run close-normal < /dev/null 2> tests/userprog/close-normal.errort
perl -I../.. ../../tests/userprog/close-normal.ck tests/userprog/close-normal tests/userprog/close-normal.result
pass tests/userprog/close-normal
pintos -v -k -T 60 --qemu  --filesys-size=2 -p tests/userprog/close-twice -a close-twice -p ../../tests/userprog/sample.txt -a sample.txt -- -q  -f run close-twice < /dev/null 2> tests/userprog/close-twice.errors > t
perl -I../.. ../../tests/userprog/close-twice.ck tests/userprog/close-twice tests/userprog/close-twice.result
pass tests/userprog/close-twice
pintos -v -k -T 60 --qemu  --filesys-size=2 -p tests/userprog/close-stdin -a close-stdin -- -q  -f run close-stdin < /dev/null 2> tests/userprog/close-stdin.errors > tests/userprog/close-stdin.output
perl -I../.. ../../tests/userprog/close-stdin.ck tests/userprog/close-stdin tests/userprog/close-stdin.result
pass tests/userprog/close-stdin
pintos -v -k -T 60 --qemu  --filesys-size=2 -p tests/userprog/close-stdout -a close-stdout -- -q  -f run close-stdout < /dev/null 2> tests/userprog/close-stdout.errors > tests/userprog/close-stdout.output
perl -I../.. ../../tests/userprog/close-stdout.ck tests/userprog/close-stdout tests/userprog/close-stdout.result
pass tests/userprog/close-stdout
pintos -v -k -T 60 --qemu  --filesys-size=2 -p tests/userprog/close-bad-fd -a close-bad-fd -- -q  -f run close-bad-fd < /dev/null 2> tests/userprog/close-bad-fd.errors > tests/userprog/close-bad-fd.output
perl -I../.. ../../tests/userprog/close-bad-fd.ck tests/userprog/close-bad-fd tests/userprog/close-bad-fd.result
pass tests/userprog/close-bad-fd
pintos -v -k -T 60 --qemu  --filesys-size=2 -p tests/userprog/read-normal -a read-normal -p ../../tests/userprog/sample.txt -a sample.txt -- -q  -f run read-normal < /dev/null 2> tests/userprog/read-normal.errors > t
perl -I../.. ../../tests/userprog/read-normal.ck tests/userprog/read-normal tests/userprog/read-normal.result
pass tests/userprog/read-normal
pintos -v -k -T 60 --qemu  --filesys-size=2 -p tests/userprog/read-bad-ptr -a read-bad-ptr -p ../../tests/userprog/sample.txt -a sample.txt -- -q  -f run read-bad-ptr < /dev/null 2> tests/userprog/read-bad-ptr.errort
perl -I../.. ../../tests/userprog/read-bad-ptr.ck tests/userprog/read-bad-ptr tests/userprog/read-bad-ptr.result
pass tests/userprog/read-bad-ptr
pintos -v -k -T 60 --qemu  --filesys-size=2 -p tests/userprog/read-boundary -a read-boundary -p ../../tests/userprog/sample.txt -a sample.txt -- -q  -f run read-boundary < /dev/null 2> tests/userprog/read-boundary.et
perl -I../.. ../../tests/userprog/read-boundary.ck tests/userprog/read-boundary tests/userprog/read-boundary.result
pass tests/userprog/read-boundary
pintos -v -k -T 60 --qemu  --filesys-size=2 -p tests/userprog/read-zero -a read-zero -p ../../tests/userprog/sample.txt -a sample.txt -- -q  -f run read-zero < /dev/null 2> tests/userprog/read-zero.errors > tests/ust
perl -I../.. ../../tests/userprog/read-zero.ck tests/userprog/read-zero tests/userprog/read-zero.result
pass tests/userprog/read-zero
pintos -v -k -T 60 --qemu  --filesys-size=2 -p tests/userprog/read-stdout -a read-stdout -- -q  -f run read-stdout < /dev/null 2> tests/userprog/read-stdout.errors > tests/userprog/read-stdout.output
perl -I../.. ../../tests/userprog/read-stdout.ck tests/userprog/read-stdout tests/userprog/read-stdout.result
pass tests/userprog/read-stdout
pintos -v -k -T 60 --qemu  --filesys-size=2 -p tests/userprog/read-bad-fd -a read-bad-fd -- -q  -f run read-bad-fd < /dev/null 2> tests/userprog/read-bad-fd.errors > tests/userprog/read-bad-fd.output
perl -I../.. ../../tests/userprog/read-bad-fd.ck tests/userprog/read-bad-fd tests/userprog/read-bad-fd.result
pass tests/userprog/read-bad-fd
pintos -v -k -T 60 --qemu  --filesys-size=2 -p tests/userprog/write-normal -a write-normal -p ../../tests/userprog/sample.txt -a sample.txt -- -q  -f run write-normal < /dev/null 2> tests/userprog/write-normal.errort
perl -I../.. ../../tests/userprog/write-normal.ck tests/userprog/write-normal tests/userprog/write-normal.result
pass tests/userprog/write-normal
pintos -v -k -T 60 --qemu  --filesys-size=2 -p tests/userprog/write-bad-ptr -a write-bad-ptr -p ../../tests/userprog/sample.txt -a sample.txt -- -q  -f run write-bad-ptr < /dev/null 2> tests/userprog/write-bad-ptr.et
perl -I../.. ../../tests/userprog/write-bad-ptr.ck tests/userprog/write-bad-ptr tests/userprog/write-bad-ptr.result
pass tests/userprog/write-bad-ptr
pintos -v -k -T 60 --qemu  --filesys-size=2 -p tests/userprog/write-boundary -a write-boundary -p ../../tests/userprog/sample.txt -a sample.txt -- -q  -f run write-boundary < /dev/null 2> tests/userprog/write-boundat
perl -I../.. ../../tests/userprog/write-boundary.ck tests/userprog/write-boundary tests/userprog/write-boundary.result
pass tests/userprog/write-boundary
pintos -v -k -T 60 --qemu  --filesys-size=2 -p tests/userprog/write-zero -a write-zero -p ../../tests/userprog/sample.txt -a sample.txt -- -q  -f run write-zero < /dev/null 2> tests/userprog/write-zero.errors > testt
perl -I../.. ../../tests/userprog/write-zero.ck tests/userprog/write-zero tests/userprog/write-zero.result
pass tests/userprog/write-zero
pintos -v -k -T 60 --qemu  --filesys-size=2 -p tests/userprog/write-stdin -a write-stdin -- -q  -f run write-stdin < /dev/null 2> tests/userprog/write-stdin.errors > tests/userprog/write-stdin.output
perl -I../.. ../../tests/userprog/write-stdin.ck tests/userprog/write-stdin tests/userprog/write-stdin.result
pass tests/userprog/write-stdin
pintos -v -k -T 60 --qemu  --filesys-size=2 -p tests/userprog/write-bad-fd -a write-bad-fd -- -q  -f run write-bad-fd < /dev/null 2> tests/userprog/write-bad-fd.errors > tests/userprog/write-bad-fd.output
perl -I../.. ../../tests/userprog/write-bad-fd.ck tests/userprog/write-bad-fd tests/userprog/write-bad-fd.result
pass tests/userprog/write-bad-fd
pintos -v -k -T 60 --qemu  --filesys-size=2 -p tests/userprog/exec-once -a exec-once -p tests/userprog/child-simple -a child-simple -- -q  -f run exec-once < /dev/null 2> tests/userprog/exec-once.errors > tests/usert
perl -I../.. ../../tests/userprog/exec-once.ck tests/userprog/exec-once tests/userprog/exec-once.result
pass tests/userprog/exec-once
pintos -v -k -T 60 --qemu  --filesys-size=2 -p tests/userprog/exec-arg -a exec-arg -p tests/userprog/child-args -a child-args -- -q  -f run exec-arg < /dev/null 2> tests/userprog/exec-arg.errors > tests/userprog/exet
perl -I../.. ../../tests/userprog/exec-arg.ck tests/userprog/exec-arg tests/userprog/exec-arg.result
pass tests/userprog/exec-arg
pintos -v -k -T 60 --qemu  --filesys-size=2 -p tests/userprog/exec-bound -a exec-bound -p tests/userprog/child-args -a child-args -- -q  -f run exec-bound < /dev/null 2> tests/userprog/exec-bound.errors > tests/usert
perl -I../.. ../../tests/userprog/exec-bound.ck tests/userprog/exec-bound tests/userprog/exec-bound.result
pass tests/userprog/exec-bound
pintos -v -k -T 60 --qemu  --filesys-size=2 -p tests/userprog/exec-bound-2 -a exec-bound-2 -- -q  -f run exec-bound-2 < /dev/null 2> tests/userprog/exec-bound-2.errors > tests/userprog/exec-bound-2.output
perl -I../.. ../../tests/userprog/exec-bound-2.ck tests/userprog/exec-bound-2 tests/userprog/exec-bound-2.result
pass tests/userprog/exec-bound-2
pintos -v -k -T 60 --qemu  --filesys-size=2 -p tests/userprog/exec-bound-3 -a exec-bound-3 -- -q  -f run exec-bound-3 < /dev/null 2> tests/userprog/exec-bound-3.errors > tests/userprog/exec-bound-3.output
perl -I../.. ../../tests/userprog/exec-bound-3.ck tests/userprog/exec-bound-3 tests/userprog/exec-bound-3.result
pass tests/userprog/exec-bound-3
pintos -v -k -T 60 --qemu  --filesys-size=2 -p tests/userprog/exec-multiple -a exec-multiple -p tests/userprog/child-simple -a child-simple -- -q  -f run exec-multiple < /dev/null 2> tests/userprog/exec-multiple.errt
perl -I../.. ../../tests/userprog/exec-multiple.ck tests/userprog/exec-multiple tests/userprog/exec-multiple.result
pass tests/userprog/exec-multiple
pintos -v -k -T 60 --qemu  --filesys-size=2 -p tests/userprog/exec-missing -a exec-missing -- -q  -f run exec-missing < /dev/null 2> tests/userprog/exec-missing.errors > tests/userprog/exec-missing.output
perl -I../.. ../../tests/userprog/exec-missing.ck tests/userprog/exec-missing tests/userprog/exec-missing.result
pass tests/userprog/exec-missing
pintos -v -k -T 60 --qemu  --filesys-size=2 -p tests/userprog/exec-bad-ptr -a exec-bad-ptr -- -q  -f run exec-bad-ptr < /dev/null 2> tests/userprog/exec-bad-ptr.errors > tests/userprog/exec-bad-ptr.output
perl -I../.. ../../tests/userprog/exec-bad-ptr.ck tests/userprog/exec-bad-ptr tests/userprog/exec-bad-ptr.result
pass tests/userprog/exec-bad-ptr
pintos -v -k -T 60 --qemu  --filesys-size=2 -p tests/userprog/wait-simple -a wait-simple -p tests/userprog/child-simple -a child-simple -- -q  -f run wait-simple < /dev/null 2> tests/userprog/wait-simple.errors > tet
perl -I../.. ../../tests/userprog/wait-simple.ck tests/userprog/wait-simple tests/userprog/wait-simple.result
pass tests/userprog/wait-simple
pintos -v -k -T 60 --qemu  --filesys-size=2 -p tests/userprog/wait-twice -a wait-twice -p tests/userprog/child-simple -a child-simple -- -q  -f run wait-twice < /dev/null 2> tests/userprog/wait-twice.errors > tests/t
perl -I../.. ../../tests/userprog/wait-twice.ck tests/userprog/wait-twice tests/userprog/wait-twice.result
pass tests/userprog/wait-twice
pintos -v -k -T 60 --qemu  --filesys-size=2 -p tests/userprog/wait-killed -a wait-killed -p tests/userprog/child-bad -a child-bad -- -q  -f run wait-killed < /dev/null 2> tests/userprog/wait-killed.errors > tests/ust
perl -I../.. ../../tests/userprog/wait-killed.ck tests/userprog/wait-killed tests/userprog/wait-killed.result
pass tests/userprog/wait-killed
pintos -v -k -T 60 --qemu  --filesys-size=2 -p tests/userprog/wait-bad-pid -a wait-bad-pid -- -q  -f run wait-bad-pid < /dev/null 2> tests/userprog/wait-bad-pid.errors > tests/userprog/wait-bad-pid.output
perl -I../.. ../../tests/userprog/wait-bad-pid.ck tests/userprog/wait-bad-pid tests/userprog/wait-bad-pid.result
pass tests/userprog/wait-bad-pid
pintos -v -k -T 60 --qemu  --filesys-size=2 -p tests/userprog/multi-recurse -a multi-recurse -- -q  -f run 'multi-recurse 15' < /dev/null 2> tests/userprog/multi-recurse.errors > tests/userprog/multi-recurse.output
perl -I../.. ../../tests/userprog/multi-recurse.ck tests/userprog/multi-recurse tests/userprog/multi-recurse.result
pass tests/userprog/multi-recurse
pintos -v -k -T 60 --qemu  --filesys-size=2 -p tests/userprog/multi-child-fd -a multi-child-fd -p ../../tests/userprog/sample.txt -a sample.txt -p tests/userprog/child-close -a child-close -- -q  -f run multi-child-t
perl -I../.. ../../tests/userprog/multi-child-fd.ck tests/userprog/multi-child-fd tests/userprog/multi-child-fd.result
pass tests/userprog/multi-child-fd
pintos -v -k -T 60 --qemu  --filesys-size=2 -p tests/userprog/rox-simple -a rox-simple -- -q  -f run rox-simple < /dev/null 2> tests/userprog/rox-simple.errors > tests/userprog/rox-simple.output
perl -I../.. ../../tests/userprog/rox-simple.ck tests/userprog/rox-simple tests/userprog/rox-simple.result
pass tests/userprog/rox-simple
pintos -v -k -T 60 --qemu  --filesys-size=2 -p tests/userprog/rox-child -a rox-child -p tests/userprog/child-rox -a child-rox -- -q  -f run rox-child < /dev/null 2> tests/userprog/rox-child.errors > tests/userprog/rt
perl -I../.. ../../tests/userprog/rox-child.ck tests/userprog/rox-child tests/userprog/rox-child.result
pass tests/userprog/rox-child
pintos -v -k -T 60 --qemu  --filesys-size=2 -p tests/userprog/rox-multichild -a rox-multichild -p tests/userprog/child-rox -a child-rox -- -q  -f run rox-multichild < /dev/null 2> tests/userprog/rox-multichild.errort
perl -I../.. ../../tests/userprog/rox-multichild.ck tests/userprog/rox-multichild tests/userprog/rox-multichild.result
pass tests/userprog/rox-multichild
pintos -v -k -T 60 --qemu  --filesys-size=2 -p tests/userprog/bad-read -a bad-read -- -q  -f run bad-read < /dev/null 2> tests/userprog/bad-read.errors > tests/userprog/bad-read.output
perl -I../.. ../../tests/userprog/bad-read.ck tests/userprog/bad-read tests/userprog/bad-read.result
pass tests/userprog/bad-read
pintos -v -k -T 60 --qemu  --filesys-size=2 -p tests/userprog/bad-write -a bad-write -- -q  -f run bad-write < /dev/null 2> tests/userprog/bad-write.errors > tests/userprog/bad-write.output
perl -I../.. ../../tests/userprog/bad-write.ck tests/userprog/bad-write tests/userprog/bad-write.result
pass tests/userprog/bad-write
pintos -v -k -T 60 --qemu  --filesys-size=2 -p tests/userprog/bad-read2 -a bad-read2 -- -q  -f run bad-read2 < /dev/null 2> tests/userprog/bad-read2.errors > tests/userprog/bad-read2.output
perl -I../.. ../../tests/userprog/bad-read2.ck tests/userprog/bad-read2 tests/userprog/bad-read2.result
pass tests/userprog/bad-read2
pintos -v -k -T 60 --qemu  --filesys-size=2 -p tests/userprog/bad-write2 -a bad-write2 -- -q  -f run bad-write2 < /dev/null 2> tests/userprog/bad-write2.errors > tests/userprog/bad-write2.output
perl -I../.. ../../tests/userprog/bad-write2.ck tests/userprog/bad-write2 tests/userprog/bad-write2.result
pass tests/userprog/bad-write2
pintos -v -k -T 60 --qemu  --filesys-size=2 -p tests/userprog/bad-jump -a bad-jump -- -q  -f run bad-jump < /dev/null 2> tests/userprog/bad-jump.errors > tests/userprog/bad-jump.output
perl -I../.. ../../tests/userprog/bad-jump.ck tests/userprog/bad-jump tests/userprog/bad-jump.result
pass tests/userprog/bad-jump
pintos -v -k -T 60 --qemu  --filesys-size=2 -p tests/userprog/bad-jump2 -a bad-jump2 -- -q  -f run bad-jump2 < /dev/null 2> tests/userprog/bad-jump2.errors > tests/userprog/bad-jump2.output
perl -I../.. ../../tests/userprog/bad-jump2.ck tests/userprog/bad-jump2 tests/userprog/bad-jump2.result
pass tests/userprog/bad-jump2
pintos -v -k -T 60 --qemu  --filesys-size=2 -p tests/filesys/base/lg-create -a lg-create -- -q  -f run lg-create < /dev/null 2> tests/filesys/base/lg-create.errors > tests/filesys/base/lg-create.output
perl -I../.. ../../tests/filesys/base/lg-create.ck tests/filesys/base/lg-create tests/filesys/base/lg-create.result
pass tests/filesys/base/lg-create
pintos -v -k -T 60 --qemu  --filesys-size=2 -p tests/filesys/base/lg-full -a lg-full -- -q  -f run lg-full < /dev/null 2> tests/filesys/base/lg-full.errors > tests/filesys/base/lg-full.output
perl -I../.. ../../tests/filesys/base/lg-full.ck tests/filesys/base/lg-full tests/filesys/base/lg-full.result
pass tests/filesys/base/lg-full
pintos -v -k -T 60 --qemu  --filesys-size=2 -p tests/filesys/base/lg-random -a lg-random -- -q  -f run lg-random < /dev/null 2> tests/filesys/base/lg-random.errors > tests/filesys/base/lg-random.output
perl -I../.. ../../tests/filesys/base/lg-random.ck tests/filesys/base/lg-random tests/filesys/base/lg-random.result
pass tests/filesys/base/lg-random
pintos -v -k -T 60 --qemu  --filesys-size=2 -p tests/filesys/base/lg-seq-block -a lg-seq-block -- -q  -f run lg-seq-block < /dev/null 2> tests/filesys/base/lg-seq-block.errors > tests/filesys/base/lg-seq-block.output
perl -I../.. ../../tests/filesys/base/lg-seq-block.ck tests/filesys/base/lg-seq-block tests/filesys/base/lg-seq-block.result
pass tests/filesys/base/lg-seq-block
pintos -v -k -T 60 --qemu  --filesys-size=2 -p tests/filesys/base/lg-seq-random -a lg-seq-random -- -q  -f run lg-seq-random < /dev/null 2> tests/filesys/base/lg-seq-random.errors > tests/filesys/base/lg-seq-random.t
perl -I../.. ../../tests/filesys/base/lg-seq-random.ck tests/filesys/base/lg-seq-random tests/filesys/base/lg-seq-random.result
pass tests/filesys/base/lg-seq-random
pintos -v -k -T 60 --qemu  --filesys-size=2 -p tests/filesys/base/sm-create -a sm-create -- -q  -f run sm-create < /dev/null 2> tests/filesys/base/sm-create.errors > tests/filesys/base/sm-create.output
perl -I../.. ../../tests/filesys/base/sm-create.ck tests/filesys/base/sm-create tests/filesys/base/sm-create.result
pass tests/filesys/base/sm-create
pintos -v -k -T 60 --qemu  --filesys-size=2 -p tests/filesys/base/sm-full -a sm-full -- -q  -f run sm-full < /dev/null 2> tests/filesys/base/sm-full.errors > tests/filesys/base/sm-full.output
perl -I../.. ../../tests/filesys/base/sm-full.ck tests/filesys/base/sm-full tests/filesys/base/sm-full.result
pass tests/filesys/base/sm-full
pintos -v -k -T 60 --qemu  --filesys-size=2 -p tests/filesys/base/sm-random -a sm-random -- -q  -f run sm-random < /dev/null 2> tests/filesys/base/sm-random.errors > tests/filesys/base/sm-random.output
perl -I../.. ../../tests/filesys/base/sm-random.ck tests/filesys/base/sm-random tests/filesys/base/sm-random.result
pass tests/filesys/base/sm-random
pintos -v -k -T 60 --qemu  --filesys-size=2 -p tests/filesys/base/sm-seq-block -a sm-seq-block -- -q  -f run sm-seq-block < /dev/null 2> tests/filesys/base/sm-seq-block.errors > tests/filesys/base/sm-seq-block.output
perl -I../.. ../../tests/filesys/base/sm-seq-block.ck tests/filesys/base/sm-seq-block tests/filesys/base/sm-seq-block.result
pass tests/filesys/base/sm-seq-block
pintos -v -k -T 60 --qemu  --filesys-size=2 -p tests/filesys/base/sm-seq-random -a sm-seq-random -- -q  -f run sm-seq-random < /dev/null 2> tests/filesys/base/sm-seq-random.errors > tests/filesys/base/sm-seq-random.t
perl -I../.. ../../tests/filesys/base/sm-seq-random.ck tests/filesys/base/sm-seq-random tests/filesys/base/sm-seq-random.result
pass tests/filesys/base/sm-seq-random
pintos -v -k -T 300 --qemu  --filesys-size=2 -p tests/filesys/base/syn-read -a syn-read -p tests/filesys/base/child-syn-read -a child-syn-read -- -q  -f run syn-read < /dev/null 2> tests/filesys/base/syn-read.errorst
perl -I../.. ../../tests/filesys/base/syn-read.ck tests/filesys/base/syn-read tests/filesys/base/syn-read.result
pass tests/filesys/base/syn-read
pintos -v -k -T 60 --qemu  --filesys-size=2 -p tests/filesys/base/syn-remove -a syn-remove -- -q  -f run syn-remove < /dev/null 2> tests/filesys/base/syn-remove.errors > tests/filesys/base/syn-remove.output
perl -I../.. ../../tests/filesys/base/syn-remove.ck tests/filesys/base/syn-remove tests/filesys/base/syn-remove.result
pass tests/filesys/base/syn-remove
pintos -v -k -T 60 --qemu  --filesys-size=2 -p tests/filesys/base/syn-write -a syn-write -p tests/filesys/base/child-syn-wrt -a child-syn-wrt -- -q  -f run syn-write < /dev/null 2> tests/filesys/base/syn-write.errort
perl -I../.. ../../tests/filesys/base/syn-write.ck tests/filesys/base/syn-write tests/filesys/base/syn-write.result
pass tests/filesys/base/syn-write
rm -f tmp.dsk
pintos-mkdisk tmp.dsk --filesys-size=2
pintos -v -k -T 60 --qemu  --disk=tmp.dsk -p tests/filesys/extended/dir-empty-name -a dir-empty-name -p tests/filesys/extended/tar -a tar -- -q  -f run dir-empty-name < /dev/null 2> tests/filesys/extended/dir-empty-t
pintos -v -k -T 60  --qemu --disk=tmp.dsk -g fs.tar -a tests/filesys/extended/dir-empty-name.tar -- -q  run 'tar fs.tar /' < /dev/null 2> tests/filesys/extended/dir-empty-name-persistence.errors > tests/filesys/extet
rm -f tmp.dsk
perl -I../.. ../../tests/filesys/extended/dir-empty-name.ck tests/filesys/extended/dir-empty-name tests/filesys/extended/dir-empty-name.result
FAIL tests/filesys/extended/dir-empty-name
Test output failed to match any acceptable form.

Acceptable output:
  (dir-empty-name) begin
  (dir-empty-name) mkdir "" (must return false)
  (dir-empty-name) end
Differences in `diff -u' format:
  (dir-empty-name) begin
  (dir-empty-name) mkdir "" (must return false)
- (dir-empty-name) end

(Process exit codes are excluded for matching purposes.)
rm -f tmp.dsk
pintos-mkdisk tmp.dsk --filesys-size=2
pintos -v -k -T 60 --qemu  --disk=tmp.dsk -p tests/filesys/extended/dir-mk-tree -a dir-mk-tree -p tests/filesys/extended/tar -a tar -- -q  -f run dir-mk-tree < /dev/null 2> tests/filesys/extended/dir-mk-tree.errors t
pintos -v -k -T 60  --qemu --disk=tmp.dsk -g fs.tar -a tests/filesys/extended/dir-mk-tree.tar -- -q  run 'tar fs.tar /' < /dev/null 2> tests/filesys/extended/dir-mk-tree-persistence.errors > tests/filesys/extended/dt
rm -f tmp.dsk
perl -I../.. ../../tests/filesys/extended/dir-mk-tree.ck tests/filesys/extended/dir-mk-tree tests/filesys/extended/dir-mk-tree.result
FAIL tests/filesys/extended/dir-mk-tree
Test output failed to match any acceptable form.

Acceptable output:
  (dir-mk-tree) begin
  (dir-mk-tree) creating /0/0/0/0 through /3/2/2/3...
  (dir-mk-tree) open "/0/2/0/3"
  (dir-mk-tree) close "/0/2/0/3"
  (dir-mk-tree) end
Differences in `diff -u' format:
  (dir-mk-tree) begin
  (dir-mk-tree) creating /0/0/0/0 through /3/2/2/3...
- (dir-mk-tree) open "/0/2/0/3"
- (dir-mk-tree) close "/0/2/0/3"
- (dir-mk-tree) end

(Process exit codes are excluded for matching purposes.)
rm -f tmp.dsk
pintos-mkdisk tmp.dsk --filesys-size=2
pintos -v -k -T 60 --qemu  --disk=tmp.dsk -p tests/filesys/extended/dir-mkdir -a dir-mkdir -p tests/filesys/extended/tar -a tar -- -q  -f run dir-mkdir < /dev/null 2> tests/filesys/extended/dir-mkdir.errors > tests/t
pintos -v -k -T 60  --qemu --disk=tmp.dsk -g fs.tar -a tests/filesys/extended/dir-mkdir.tar -- -q  run 'tar fs.tar /' < /dev/null 2> tests/filesys/extended/dir-mkdir-persistence.errors > tests/filesys/extended/dir-mt
rm -f tmp.dsk
perl -I../.. ../../tests/filesys/extended/dir-mkdir.ck tests/filesys/extended/dir-mkdir tests/filesys/extended/dir-mkdir.result
FAIL tests/filesys/extended/dir-mkdir
Test output failed to match any acceptable form.

Acceptable output:
  (dir-mkdir) begin
  (dir-mkdir) mkdir "a"
  (dir-mkdir) create "a/b"
  (dir-mkdir) chdir "a"
  (dir-mkdir) open "b"
  (dir-mkdir) end
Differences in `diff -u' format:
  (dir-mkdir) begin
  (dir-mkdir) mkdir "a"
- (dir-mkdir) create "a/b"
- (dir-mkdir) chdir "a"
- (dir-mkdir) open "b"
- (dir-mkdir) end

(Process exit codes are excluded for matching purposes.)
rm -f tmp.dsk
pintos-mkdisk tmp.dsk --filesys-size=2
pintos -v -k -T 60 --qemu  --disk=tmp.dsk -p tests/filesys/extended/dir-open -a dir-open -p tests/filesys/extended/tar -a tar -- -q  -f run dir-open < /dev/null 2> tests/filesys/extended/dir-open.errors > tests/filet
pintos -v -k -T 60  --qemu --disk=tmp.dsk -g fs.tar -a tests/filesys/extended/dir-open.tar -- -q  run 'tar fs.tar /' < /dev/null 2> tests/filesys/extended/dir-open-persistence.errors > tests/filesys/extended/dir-opet
rm -f tmp.dsk
perl -I../.. ../../tests/filesys/extended/dir-open.ck tests/filesys/extended/dir-open tests/filesys/extended/dir-open.result
FAIL tests/filesys/extended/dir-open
Test output failed to match any acceptable form.

Acceptable output:
  (dir-open) begin
  (dir-open) mkdir "xyzzy"
  (dir-open) open "xyzzy"
  (dir-open) write "xyzzy"
  (dir-open) write "xyzzy" (must return -1, actually -1)
  (dir-open) end
  dir-open: exit(0)
Differences in `diff -u' format:
  (dir-open) begin
  (dir-open) mkdir "xyzzy"
- (dir-open) open "xyzzy"
- (dir-open) write "xyzzy"
- (dir-open) write "xyzzy" (must return -1, actually -1)
- (dir-open) end
- dir-open: exit(0)
+ dir-open: exit(-1)
Acceptable output:
  (dir-open) begin
  (dir-open) mkdir "xyzzy"
  (dir-open) open "xyzzy"
  (dir-open) write "xyzzy"
  dir-open: exit(-1)
Differences in `diff -u' format:
  (dir-open) begin
  (dir-open) mkdir "xyzzy"
- (dir-open) open "xyzzy"
- (dir-open) write "xyzzy"
  dir-open: exit(-1)
rm -f tmp.dsk
pintos-mkdisk tmp.dsk --filesys-size=2
pintos -v -k -T 60 --qemu  --disk=tmp.dsk -p tests/filesys/extended/dir-over-file -a dir-over-file -p tests/filesys/extended/tar -a tar -- -q  -f run dir-over-file < /dev/null 2> tests/filesys/extended/dir-over-filet
pintos -v -k -T 60  --qemu --disk=tmp.dsk -g fs.tar -a tests/filesys/extended/dir-over-file.tar -- -q  run 'tar fs.tar /' < /dev/null 2> tests/filesys/extended/dir-over-file-persistence.errors > tests/filesys/extendt
rm -f tmp.dsk
perl -I../.. ../../tests/filesys/extended/dir-over-file.ck tests/filesys/extended/dir-over-file tests/filesys/extended/dir-over-file.result
FAIL tests/filesys/extended/dir-over-file
Test output failed to match any acceptable form.

Acceptable output:
  (dir-over-file) begin
  (dir-over-file) mkdir "abc"
  (dir-over-file) create "abc" (must return false)
  (dir-over-file) end
Differences in `diff -u' format:
  (dir-over-file) begin
  (dir-over-file) mkdir "abc"
- (dir-over-file) create "abc" (must return false)
- (dir-over-file) end

(Process exit codes are excluded for matching purposes.)
rm -f tmp.dsk
pintos-mkdisk tmp.dsk --filesys-size=2
pintos -v -k -T 60 --qemu  --disk=tmp.dsk -p tests/filesys/extended/dir-rm-cwd -a dir-rm-cwd -p tests/filesys/extended/tar -a tar -- -q  -f run dir-rm-cwd < /dev/null 2> tests/filesys/extended/dir-rm-cwd.errors > tet
pintos -v -k -T 60  --qemu --disk=tmp.dsk -g fs.tar -a tests/filesys/extended/dir-rm-cwd.tar -- -q  run 'tar fs.tar /' < /dev/null 2> tests/filesys/extended/dir-rm-cwd-persistence.errors > tests/filesys/extended/dirt
rm -f tmp.dsk
perl -I../.. ../../tests/filesys/extended/dir-rm-cwd.ck tests/filesys/extended/dir-rm-cwd tests/filesys/extended/dir-rm-cwd.result
FAIL tests/filesys/extended/dir-rm-cwd
run: open "/": FAILED
rm -f tmp.dsk
pintos-mkdisk tmp.dsk --filesys-size=2
pintos -v -k -T 60 --qemu  --disk=tmp.dsk -p tests/filesys/extended/dir-rm-parent -a dir-rm-parent -p tests/filesys/extended/tar -a tar -- -q  -f run dir-rm-parent < /dev/null 2> tests/filesys/extended/dir-rm-parentt
pintos -v -k -T 60  --qemu --disk=tmp.dsk -g fs.tar -a tests/filesys/extended/dir-rm-parent.tar -- -q  run 'tar fs.tar /' < /dev/null 2> tests/filesys/extended/dir-rm-parent-persistence.errors > tests/filesys/extendt
rm -f tmp.dsk
perl -I../.. ../../tests/filesys/extended/dir-rm-parent.ck tests/filesys/extended/dir-rm-parent tests/filesys/extended/dir-rm-parent.result
FAIL tests/filesys/extended/dir-rm-parent
Test output failed to match any acceptable form.

Acceptable output:
  (dir-rm-parent) begin
  (dir-rm-parent) mkdir "a"
  (dir-rm-parent) chdir "a"
  (dir-rm-parent) mkdir "b"
  (dir-rm-parent) chdir "b"
  (dir-rm-parent) remove "/a" (must fail)
  (dir-rm-parent) end
Differences in `diff -u' format:
  (dir-rm-parent) begin
  (dir-rm-parent) mkdir "a"
- (dir-rm-parent) chdir "a"
- (dir-rm-parent) mkdir "b"
- (dir-rm-parent) chdir "b"
- (dir-rm-parent) remove "/a" (must fail)
- (dir-rm-parent) end

(Process exit codes are excluded for matching purposes.)
rm -f tmp.dsk
pintos-mkdisk tmp.dsk --filesys-size=2
pintos -v -k -T 60 --qemu  --disk=tmp.dsk -p tests/filesys/extended/dir-rm-root -a dir-rm-root -p tests/filesys/extended/tar -a tar -- -q  -f run dir-rm-root < /dev/null 2> tests/filesys/extended/dir-rm-root.errors t
pintos -v -k -T 60  --qemu --disk=tmp.dsk -g fs.tar -a tests/filesys/extended/dir-rm-root.tar -- -q  run 'tar fs.tar /' < /dev/null 2> tests/filesys/extended/dir-rm-root-persistence.errors > tests/filesys/extended/dt
rm -f tmp.dsk
perl -I../.. ../../tests/filesys/extended/dir-rm-root.ck tests/filesys/extended/dir-rm-root tests/filesys/extended/dir-rm-root.result
pass tests/filesys/extended/dir-rm-root
rm -f tmp.dsk
pintos-mkdisk tmp.dsk --filesys-size=2
pintos -v -k -T 60 --qemu  --disk=tmp.dsk -p tests/filesys/extended/dir-rm-tree -a dir-rm-tree -p tests/filesys/extended/tar -a tar -- -q  -f run dir-rm-tree < /dev/null 2> tests/filesys/extended/dir-rm-tree.errors t
pintos -v -k -T 60  --qemu --disk=tmp.dsk -g fs.tar -a tests/filesys/extended/dir-rm-tree.tar -- -q  run 'tar fs.tar /' < /dev/null 2> tests/filesys/extended/dir-rm-tree-persistence.errors > tests/filesys/extended/dt
rm -f tmp.dsk
perl -I../.. ../../tests/filesys/extended/dir-rm-tree.ck tests/filesys/extended/dir-rm-tree tests/filesys/extended/dir-rm-tree.result
FAIL tests/filesys/extended/dir-rm-tree
Test output failed to match any acceptable form.

Acceptable output:
  (dir-rm-tree) begin
  (dir-rm-tree) creating /0/0/0/0 through /3/2/2/3...
  (dir-rm-tree) open "/0/2/0/3"
  (dir-rm-tree) close "/0/2/0/3"
  (dir-rm-tree) removing /0/0/0/0 through /3/2/2/3...
  (dir-rm-tree) open "/3/0/2/0" (must return -1)
  (dir-rm-tree) end
Differences in `diff -u' format:
  (dir-rm-tree) begin
  (dir-rm-tree) creating /0/0/0/0 through /3/2/2/3...
- (dir-rm-tree) open "/0/2/0/3"
- (dir-rm-tree) close "/0/2/0/3"
- (dir-rm-tree) removing /0/0/0/0 through /3/2/2/3...
- (dir-rm-tree) open "/3/0/2/0" (must return -1)
- (dir-rm-tree) end

(Process exit codes are excluded for matching purposes.)
rm -f tmp.dsk
pintos-mkdisk tmp.dsk --filesys-size=2
pintos -v -k -T 60 --qemu  --disk=tmp.dsk -p tests/filesys/extended/dir-rmdir -a dir-rmdir -p tests/filesys/extended/tar -a tar -- -q  -f run dir-rmdir < /dev/null 2> tests/filesys/extended/dir-rmdir.errors > tests/t
pintos -v -k -T 60  --qemu --disk=tmp.dsk -g fs.tar -a tests/filesys/extended/dir-rmdir.tar -- -q  run 'tar fs.tar /' < /dev/null 2> tests/filesys/extended/dir-rmdir-persistence.errors > tests/filesys/extended/dir-rt
rm -f tmp.dsk
perl -I../.. ../../tests/filesys/extended/dir-rmdir.ck tests/filesys/extended/dir-rmdir tests/filesys/extended/dir-rmdir.result
FAIL tests/filesys/extended/dir-rmdir
Test output failed to match any acceptable form.

Acceptable output:
  (dir-rmdir) begin
  (dir-rmdir) mkdir "a"
  (dir-rmdir) rmdir "a"
  (dir-rmdir) chdir "a" (must return false)
  (dir-rmdir) end
Differences in `diff -u' format:
  (dir-rmdir) begin
  (dir-rmdir) mkdir "a"
- (dir-rmdir) rmdir "a"
- (dir-rmdir) chdir "a" (must return false)
- (dir-rmdir) end

(Process exit codes are excluded for matching purposes.)
rm -f tmp.dsk
pintos-mkdisk tmp.dsk --filesys-size=2
pintos -v -k -T 60 --qemu  --disk=tmp.dsk -p tests/filesys/extended/dir-under-file -a dir-under-file -p tests/filesys/extended/tar -a tar -- -q  -f run dir-under-file < /dev/null 2> tests/filesys/extended/dir-under-t
pintos -v -k -T 60  --qemu --disk=tmp.dsk -g fs.tar -a tests/filesys/extended/dir-under-file.tar -- -q  run 'tar fs.tar /' < /dev/null 2> tests/filesys/extended/dir-under-file-persistence.errors > tests/filesys/extet
rm -f tmp.dsk
perl -I../.. ../../tests/filesys/extended/dir-under-file.ck tests/filesys/extended/dir-under-file tests/filesys/extended/dir-under-file.result
FAIL tests/filesys/extended/dir-under-file
Test output failed to match any acceptable form.

Acceptable output:
  (dir-under-file) begin
  (dir-under-file) create "abc"
  (dir-under-file) mkdir "abc" (must return false)
  (dir-under-file) end
Differences in `diff -u' format:
  (dir-under-file) begin
  (dir-under-file) create "abc"
  (dir-under-file) mkdir "abc" (must return false)
- (dir-under-file) end

(Process exit codes are excluded for matching purposes.)
rm -f tmp.dsk
pintos-mkdisk tmp.dsk --filesys-size=2
pintos -v -k -T 150 --qemu  --disk=tmp.dsk -p tests/filesys/extended/dir-vine -a dir-vine -p tests/filesys/extended/tar -a tar -- -q  -f run dir-vine < /dev/null 2> tests/filesys/extended/dir-vine.errors > tests/filt
pintos -v -k -T 60  --qemu --disk=tmp.dsk -g fs.tar -a tests/filesys/extended/dir-vine.tar -- -q  run 'tar fs.tar /' < /dev/null 2> tests/filesys/extended/dir-vine-persistence.errors > tests/filesys/extended/dir-vint
rm -f tmp.dsk
perl -I../.. ../../tests/filesys/extended/dir-vine.ck tests/filesys/extended/dir-vine tests/filesys/extended/dir-vine.result
FAIL tests/filesys/extended/dir-vine
Test output failed to match any acceptable form.

Acceptable output:
  (dir-vine) begin
  (dir-vine) creating many levels of files and directories...
  (dir-vine) removing all but top 10 levels of files and directories...
  (dir-vine) end
Differences in `diff -u' format:
  (dir-vine) begin
  (dir-vine) creating many levels of files and directories...
- (dir-vine) removing all but top 10 levels of files and directories...
- (dir-vine) end

(Process exit codes are excluded for matching purposes.)
rm -f tmp.dsk
pintos-mkdisk tmp.dsk --filesys-size=2
pintos -v -k -T 60 --qemu  --disk=tmp.dsk -p tests/filesys/extended/grow-create -a grow-create -p tests/filesys/extended/tar -a tar -- -q  -f run grow-create < /dev/null 2> tests/filesys/extended/grow-create.errors t
pintos -v -k -T 60  --qemu --disk=tmp.dsk -g fs.tar -a tests/filesys/extended/grow-create.tar -- -q  run 'tar fs.tar /' < /dev/null 2> tests/filesys/extended/grow-create-persistence.errors > tests/filesys/extended/gt
rm -f tmp.dsk
perl -I../.. ../../tests/filesys/extended/grow-create.ck tests/filesys/extended/grow-create tests/filesys/extended/grow-create.result
pass tests/filesys/extended/grow-create
rm -f tmp.dsk
pintos-mkdisk tmp.dsk --filesys-size=2
pintos -v -k -T 60 --qemu  --disk=tmp.dsk -p tests/filesys/extended/grow-dir-lg -a grow-dir-lg -p tests/filesys/extended/tar -a tar -- -q  -f run grow-dir-lg < /dev/null 2> tests/filesys/extended/grow-dir-lg.errors t
pintos -v -k -T 60  --qemu --disk=tmp.dsk -g fs.tar -a tests/filesys/extended/grow-dir-lg.tar -- -q  run 'tar fs.tar /' < /dev/null 2> tests/filesys/extended/grow-dir-lg-persistence.errors > tests/filesys/extended/gt
rm -f tmp.dsk
perl -I../.. ../../tests/filesys/extended/grow-dir-lg.ck tests/filesys/extended/grow-dir-lg tests/filesys/extended/grow-dir-lg.result
FAIL tests/filesys/extended/grow-dir-lg
Test output failed to match any acceptable form.

Acceptable output:
  (grow-dir-lg) begin
  (grow-dir-lg) mkdir /x
  (grow-dir-lg) creating and checking "/x/file0"
  (grow-dir-lg) creating and checking "/x/file1"
  (grow-dir-lg) creating and checking "/x/file2"
  (grow-dir-lg) creating and checking "/x/file3"
  (grow-dir-lg) creating and checking "/x/file4"
  (grow-dir-lg) creating and checking "/x/file5"
  (grow-dir-lg) creating and checking "/x/file6"
  (grow-dir-lg) creating and checking "/x/file7"
  (grow-dir-lg) creating and checking "/x/file8"
  (grow-dir-lg) creating and checking "/x/file9"
  (grow-dir-lg) creating and checking "/x/file10"
  (grow-dir-lg) creating and checking "/x/file11"
  (grow-dir-lg) creating and checking "/x/file12"
  (grow-dir-lg) creating and checking "/x/file13"
  (grow-dir-lg) creating and checking "/x/file14"
  (grow-dir-lg) creating and checking "/x/file15"
  (grow-dir-lg) creating and checking "/x/file16"
  (grow-dir-lg) creating and checking "/x/file17"
  (grow-dir-lg) creating and checking "/x/file18"
  (grow-dir-lg) creating and checking "/x/file19"
  (grow-dir-lg) creating and checking "/x/file20"
  (grow-dir-lg) creating and checking "/x/file21"
  (grow-dir-lg) creating and checking "/x/file22"
  (grow-dir-lg) creating and checking "/x/file23"
  (grow-dir-lg) creating and checking "/x/file24"
  (grow-dir-lg) creating and checking "/x/file25"
  (grow-dir-lg) creating and checking "/x/file26"
  (grow-dir-lg) creating and checking "/x/file27"
  (grow-dir-lg) creating and checking "/x/file28"
  (grow-dir-lg) creating and checking "/x/file29"
  (grow-dir-lg) creating and checking "/x/file30"
  (grow-dir-lg) creating and checking "/x/file31"
  (grow-dir-lg) creating and checking "/x/file32"
  (grow-dir-lg) creating and checking "/x/file33"
  (grow-dir-lg) creating and checking "/x/file34"
  (grow-dir-lg) creating and checking "/x/file35"
  (grow-dir-lg) creating and checking "/x/file36"
  (grow-dir-lg) creating and checking "/x/file37"
  (grow-dir-lg) creating and checking "/x/file38"
  (grow-dir-lg) creating and checking "/x/file39"
  (grow-dir-lg) creating and checking "/x/file40"
  (grow-dir-lg) creating and checking "/x/file41"
  (grow-dir-lg) creating and checking "/x/file42"
  (grow-dir-lg) creating and checking "/x/file43"
  (grow-dir-lg) creating and checking "/x/file44"
  (grow-dir-lg) creating and checking "/x/file45"
  (grow-dir-lg) creating and checking "/x/file46"
  (grow-dir-lg) creating and checking "/x/file47"
  (grow-dir-lg) creating and checking "/x/file48"
  (grow-dir-lg) creating and checking "/x/file49"
  (grow-dir-lg) end
Differences in `diff -u' format:
  (grow-dir-lg) begin
  (grow-dir-lg) mkdir /x
- (grow-dir-lg) creating and checking "/x/file0"
- (grow-dir-lg) creating and checking "/x/file1"
- (grow-dir-lg) creating and checking "/x/file2"
- (grow-dir-lg) creating and checking "/x/file3"
- (grow-dir-lg) creating and checking "/x/file4"
- (grow-dir-lg) creating and checking "/x/file5"
- (grow-dir-lg) creating and checking "/x/file6"
- (grow-dir-lg) creating and checking "/x/file7"
- (grow-dir-lg) creating and checking "/x/file8"
- (grow-dir-lg) creating and checking "/x/file9"
- (grow-dir-lg) creating and checking "/x/file10"
- (grow-dir-lg) creating and checking "/x/file11"
- (grow-dir-lg) creating and checking "/x/file12"
- (grow-dir-lg) creating and checking "/x/file13"
- (grow-dir-lg) creating and checking "/x/file14"
- (grow-dir-lg) creating and checking "/x/file15"
- (grow-dir-lg) creating and checking "/x/file16"
- (grow-dir-lg) creating and checking "/x/file17"
- (grow-dir-lg) creating and checking "/x/file18"
- (grow-dir-lg) creating and checking "/x/file19"
- (grow-dir-lg) creating and checking "/x/file20"
- (grow-dir-lg) creating and checking "/x/file21"
- (grow-dir-lg) creating and checking "/x/file22"
- (grow-dir-lg) creating and checking "/x/file23"
- (grow-dir-lg) creating and checking "/x/file24"
- (grow-dir-lg) creating and checking "/x/file25"
- (grow-dir-lg) creating and checking "/x/file26"
- (grow-dir-lg) creating and checking "/x/file27"
- (grow-dir-lg) creating and checking "/x/file28"
- (grow-dir-lg) creating and checking "/x/file29"
- (grow-dir-lg) creating and checking "/x/file30"
- (grow-dir-lg) creating and checking "/x/file31"
- (grow-dir-lg) creating and checking "/x/file32"
- (grow-dir-lg) creating and checking "/x/file33"
- (grow-dir-lg) creating and checking "/x/file34"
- (grow-dir-lg) creating and checking "/x/file35"
- (grow-dir-lg) creating and checking "/x/file36"
- (grow-dir-lg) creating and checking "/x/file37"
- (grow-dir-lg) creating and checking "/x/file38"
- (grow-dir-lg) creating and checking "/x/file39"
- (grow-dir-lg) creating and checking "/x/file40"
- (grow-dir-lg) creating and checking "/x/file41"
- (grow-dir-lg) creating and checking "/x/file42"
- (grow-dir-lg) creating and checking "/x/file43"
- (grow-dir-lg) creating and checking "/x/file44"
- (grow-dir-lg) creating and checking "/x/file45"
- (grow-dir-lg) creating and checking "/x/file46"
- (grow-dir-lg) creating and checking "/x/file47"
- (grow-dir-lg) creating and checking "/x/file48"
- (grow-dir-lg) creating and checking "/x/file49"
- (grow-dir-lg) end

(Process exit codes are excluded for matching purposes.)
rm -f tmp.dsk
pintos-mkdisk tmp.dsk --filesys-size=2
pintos -v -k -T 60 --qemu  --disk=tmp.dsk -p tests/filesys/extended/grow-file-size -a grow-file-size -p tests/filesys/extended/tar -a tar -- -q  -f run grow-file-size < /dev/null 2> tests/filesys/extended/grow-file-t
pintos -v -k -T 60  --qemu --disk=tmp.dsk -g fs.tar -a tests/filesys/extended/grow-file-size.tar -- -q  run 'tar fs.tar /' < /dev/null 2> tests/filesys/extended/grow-file-size-persistence.errors > tests/filesys/extet
rm -f tmp.dsk
perl -I../.. ../../tests/filesys/extended/grow-file-size.ck tests/filesys/extended/grow-file-size tests/filesys/extended/grow-file-size.result
pass tests/filesys/extended/grow-file-size
rm -f tmp.dsk
pintos-mkdisk tmp.dsk --filesys-size=2
pintos -v -k -T 60 --qemu  --disk=tmp.dsk -p tests/filesys/extended/grow-root-lg -a grow-root-lg -p tests/filesys/extended/tar -a tar -- -q  -f run grow-root-lg < /dev/null 2> tests/filesys/extended/grow-root-lg.errt
pintos -v -k -T 60  --qemu --disk=tmp.dsk -g fs.tar -a tests/filesys/extended/grow-root-lg.tar -- -q  run 'tar fs.tar /' < /dev/null 2> tests/filesys/extended/grow-root-lg-persistence.errors > tests/filesys/extendedt
rm -f tmp.dsk
perl -I../.. ../../tests/filesys/extended/grow-root-lg.ck tests/filesys/extended/grow-root-lg tests/filesys/extended/grow-root-lg.result
pass tests/filesys/extended/grow-root-lg
rm -f tmp.dsk
pintos-mkdisk tmp.dsk --filesys-size=2
pintos -v -k -T 60 --qemu  --disk=tmp.dsk -p tests/filesys/extended/grow-root-sm -a grow-root-sm -p tests/filesys/extended/tar -a tar -- -q  -f run grow-root-sm < /dev/null 2> tests/filesys/extended/grow-root-sm.errt
pintos -v -k -T 60  --qemu --disk=tmp.dsk -g fs.tar -a tests/filesys/extended/grow-root-sm.tar -- -q  run 'tar fs.tar /' < /dev/null 2> tests/filesys/extended/grow-root-sm-persistence.errors > tests/filesys/extendedt
rm -f tmp.dsk
perl -I../.. ../../tests/filesys/extended/grow-root-sm.ck tests/filesys/extended/grow-root-sm tests/filesys/extended/grow-root-sm.result
pass tests/filesys/extended/grow-root-sm
rm -f tmp.dsk
pintos-mkdisk tmp.dsk --filesys-size=2
pintos -v -k -T 60 --qemu  --disk=tmp.dsk -p tests/filesys/extended/grow-seq-lg -a grow-seq-lg -p tests/filesys/extended/tar -a tar -- -q  -f run grow-seq-lg < /dev/null 2> tests/filesys/extended/grow-seq-lg.errors t
pintos -v -k -T 60  --qemu --disk=tmp.dsk -g fs.tar -a tests/filesys/extended/grow-seq-lg.tar -- -q  run 'tar fs.tar /' < /dev/null 2> tests/filesys/extended/grow-seq-lg-persistence.errors > tests/filesys/extended/gt
rm -f tmp.dsk
perl -I../.. ../../tests/filesys/extended/grow-seq-lg.ck tests/filesys/extended/grow-seq-lg tests/filesys/extended/grow-seq-lg.result
pass tests/filesys/extended/grow-seq-lg
rm -f tmp.dsk
pintos-mkdisk tmp.dsk --filesys-size=2
pintos -v -k -T 60 --qemu  --disk=tmp.dsk -p tests/filesys/extended/grow-seq-sm -a grow-seq-sm -p tests/filesys/extended/tar -a tar -- -q  -f run grow-seq-sm < /dev/null 2> tests/filesys/extended/grow-seq-sm.errors t
pintos -v -k -T 60  --qemu --disk=tmp.dsk -g fs.tar -a tests/filesys/extended/grow-seq-sm.tar -- -q  run 'tar fs.tar /' < /dev/null 2> tests/filesys/extended/grow-seq-sm-persistence.errors > tests/filesys/extended/gt
rm -f tmp.dsk
perl -I../.. ../../tests/filesys/extended/grow-seq-sm.ck tests/filesys/extended/grow-seq-sm tests/filesys/extended/grow-seq-sm.result
pass tests/filesys/extended/grow-seq-sm
rm -f tmp.dsk
pintos-mkdisk tmp.dsk --filesys-size=2
pintos -v -k -T 60 --qemu  --disk=tmp.dsk -p tests/filesys/extended/grow-sparse -a grow-sparse -p tests/filesys/extended/tar -a tar -- -q  -f run grow-sparse < /dev/null 2> tests/filesys/extended/grow-sparse.errors t
pintos -v -k -T 60  --qemu --disk=tmp.dsk -g fs.tar -a tests/filesys/extended/grow-sparse.tar -- -q  run 'tar fs.tar /' < /dev/null 2> tests/filesys/extended/grow-sparse-persistence.errors > tests/filesys/extended/gt
rm -f tmp.dsk
perl -I../.. ../../tests/filesys/extended/grow-sparse.ck tests/filesys/extended/grow-sparse tests/filesys/extended/grow-sparse.result
pass tests/filesys/extended/grow-sparse
rm -f tmp.dsk
pintos-mkdisk tmp.dsk --filesys-size=2
pintos -v -k -T 60 --qemu  --disk=tmp.dsk -p tests/filesys/extended/grow-tell -a grow-tell -p tests/filesys/extended/tar -a tar -- -q  -f run grow-tell < /dev/null 2> tests/filesys/extended/grow-tell.errors > tests/t
pintos -v -k -T 60  --qemu --disk=tmp.dsk -g fs.tar -a tests/filesys/extended/grow-tell.tar -- -q  run 'tar fs.tar /' < /dev/null 2> tests/filesys/extended/grow-tell-persistence.errors > tests/filesys/extended/grow-t
rm -f tmp.dsk
perl -I../.. ../../tests/filesys/extended/grow-tell.ck tests/filesys/extended/grow-tell tests/filesys/extended/grow-tell.result
pass tests/filesys/extended/grow-tell
rm -f tmp.dsk
pintos-mkdisk tmp.dsk --filesys-size=2
pintos -v -k -T 60 --qemu  --disk=tmp.dsk -p tests/filesys/extended/grow-two-files -a grow-two-files -p tests/filesys/extended/tar -a tar -- -q  -f run grow-two-files < /dev/null 2> tests/filesys/extended/grow-two-ft
pintos -v -k -T 60  --qemu --disk=tmp.dsk -g fs.tar -a tests/filesys/extended/grow-two-files.tar -- -q  run 'tar fs.tar /' < /dev/null 2> tests/filesys/extended/grow-two-files-persistence.errors > tests/filesys/extet
rm -f tmp.dsk
perl -I../.. ../../tests/filesys/extended/grow-two-files.ck tests/filesys/extended/grow-two-files tests/filesys/extended/grow-two-files.result
pass tests/filesys/extended/grow-two-files
rm -f tmp.dsk
pintos-mkdisk tmp.dsk --filesys-size=2
pintos -v -k -T 60 --qemu  --disk=tmp.dsk -p tests/filesys/extended/syn-rw -a syn-rw -p tests/filesys/extended/tar -a tar -p tests/filesys/extended/child-syn-rw -a child-syn-rw -- -q  -f run syn-rw < /dev/null 2> tet
pintos -v -k -T 60  --qemu --disk=tmp.dsk -g fs.tar -a tests/filesys/extended/syn-rw.tar -- -q  run 'tar fs.tar /' < /dev/null 2> tests/filesys/extended/syn-rw-persistence.errors > tests/filesys/extended/syn-rw-perst
rm -f tmp.dsk
perl -I../.. ../../tests/filesys/extended/syn-rw.ck tests/filesys/extended/syn-rw tests/filesys/extended/syn-rw.result
pass tests/filesys/extended/syn-rw
perl -I../.. ../../tests/filesys/extended/dir-empty-name-persistence.ck tests/filesys/extended/dir-empty-name-persistence tests/filesys/extended/dir-empty-name-persistence.result
FAIL tests/filesys/extended/dir-empty-name-persistence
Prerequisite test tests/filesys/extended/dir-empty-name failed.
perl -I../.. ../../tests/filesys/extended/dir-mk-tree-persistence.ck tests/filesys/extended/dir-mk-tree-persistence tests/filesys/extended/dir-mk-tree-persistence.result
FAIL tests/filesys/extended/dir-mk-tree-persistence
Prerequisite test tests/filesys/extended/dir-mk-tree failed.
perl -I../.. ../../tests/filesys/extended/dir-mkdir-persistence.ck tests/filesys/extended/dir-mkdir-persistence tests/filesys/extended/dir-mkdir-persistence.result
FAIL tests/filesys/extended/dir-mkdir-persistence
Prerequisite test tests/filesys/extended/dir-mkdir failed.
perl -I../.. ../../tests/filesys/extended/dir-open-persistence.ck tests/filesys/extended/dir-open-persistence tests/filesys/extended/dir-open-persistence.result
FAIL tests/filesys/extended/dir-open-persistence
Prerequisite test tests/filesys/extended/dir-open failed.
perl -I../.. ../../tests/filesys/extended/dir-over-file-persistence.ck tests/filesys/extended/dir-over-file-persistence tests/filesys/extended/dir-over-file-persistence.result
FAIL tests/filesys/extended/dir-over-file-persistence
Prerequisite test tests/filesys/extended/dir-over-file failed.
perl -I../.. ../../tests/filesys/extended/dir-rm-cwd-persistence.ck tests/filesys/extended/dir-rm-cwd-persistence tests/filesys/extended/dir-rm-cwd-persistence.result
FAIL tests/filesys/extended/dir-rm-cwd-persistence
Prerequisite test tests/filesys/extended/dir-rm-cwd failed.
perl -I../.. ../../tests/filesys/extended/dir-rm-parent-persistence.ck tests/filesys/extended/dir-rm-parent-persistence tests/filesys/extended/dir-rm-parent-persistence.result
FAIL tests/filesys/extended/dir-rm-parent-persistence
Prerequisite test tests/filesys/extended/dir-rm-parent failed.
perl -I../.. ../../tests/filesys/extended/dir-rm-root-persistence.ck tests/filesys/extended/dir-rm-root-persistence tests/filesys/extended/dir-rm-root-persistence.result
FAIL tests/filesys/extended/dir-rm-root-persistence
Kernel panic in file system extraction run: PANIC at ../../filesys/fsutil.c:187 in fsutil_append(): fs.tar: open failed
Call stack: 0xc0029db6 0x615f6c69
Translation of call stack:
0xc0029db6: debug_panic (.../../lib/kernel/debug.c:38)
0x615f6c69: (unknown)
perl -I../.. ../../tests/filesys/extended/dir-rm-tree-persistence.ck tests/filesys/extended/dir-rm-tree-persistence tests/filesys/extended/dir-rm-tree-persistence.result
FAIL tests/filesys/extended/dir-rm-tree-persistence
Prerequisite test tests/filesys/extended/dir-rm-tree failed.
perl -I../.. ../../tests/filesys/extended/dir-rmdir-persistence.ck tests/filesys/extended/dir-rmdir-persistence tests/filesys/extended/dir-rmdir-persistence.result
FAIL tests/filesys/extended/dir-rmdir-persistence
Prerequisite test tests/filesys/extended/dir-rmdir failed.
perl -I../.. ../../tests/filesys/extended/dir-under-file-persistence.ck tests/filesys/extended/dir-under-file-persistence tests/filesys/extended/dir-under-file-persistence.result
FAIL tests/filesys/extended/dir-under-file-persistence
Prerequisite test tests/filesys/extended/dir-under-file failed.
perl -I../.. ../../tests/filesys/extended/dir-vine-persistence.ck tests/filesys/extended/dir-vine-persistence tests/filesys/extended/dir-vine-persistence.result
FAIL tests/filesys/extended/dir-vine-persistence
Prerequisite test tests/filesys/extended/dir-vine failed.
perl -I../.. ../../tests/filesys/extended/grow-create-persistence.ck tests/filesys/extended/grow-create-persistence tests/filesys/extended/grow-create-persistence.result
FAIL tests/filesys/extended/grow-create-persistence
Kernel panic in file system extraction run: PANIC at ../../filesys/fsutil.c:187 in fsutil_append(): fs.tar: open failed
Call stack: 0xc0029db6 0x615f6c69
Translation of call stack:
0xc0029db6: debug_panic (.../../lib/kernel/debug.c:38)
0x615f6c69: (unknown)
perl -I../.. ../../tests/filesys/extended/grow-dir-lg-persistence.ck tests/filesys/extended/grow-dir-lg-persistence tests/filesys/extended/grow-dir-lg-persistence.result
FAIL tests/filesys/extended/grow-dir-lg-persistence
Prerequisite test tests/filesys/extended/grow-dir-lg failed.
perl -I../.. ../../tests/filesys/extended/grow-file-size-persistence.ck tests/filesys/extended/grow-file-size-persistence tests/filesys/extended/grow-file-size-persistence.result
FAIL tests/filesys/extended/grow-file-size-persistence
Kernel panic in file system extraction run: PANIC at ../../filesys/fsutil.c:187 in fsutil_append(): fs.tar: open failed
Call stack: 0xc0029db6 0x615f6c69
Translation of call stack:
0xc0029db6: debug_panic (.../../lib/kernel/debug.c:38)
0x615f6c69: (unknown)
perl -I../.. ../../tests/filesys/extended/grow-root-lg-persistence.ck tests/filesys/extended/grow-root-lg-persistence tests/filesys/extended/grow-root-lg-persistence.result
FAIL tests/filesys/extended/grow-root-lg-persistence
Error extracting file system:
/: open failed
perl -I../.. ../../tests/filesys/extended/grow-root-sm-persistence.ck tests/filesys/extended/grow-root-sm-persistence tests/filesys/extended/grow-root-sm-persistence.result
FAIL tests/filesys/extended/grow-root-sm-persistence
Error extracting file system:
/: open failed
perl -I../.. ../../tests/filesys/extended/grow-seq-lg-persistence.ck tests/filesys/extended/grow-seq-lg-persistence tests/filesys/extended/grow-seq-lg-persistence.result
FAIL tests/filesys/extended/grow-seq-lg-persistence
Error extracting file system:
/: open failed
perl -I../.. ../../tests/filesys/extended/grow-seq-sm-persistence.ck tests/filesys/extended/grow-seq-sm-persistence tests/filesys/extended/grow-seq-sm-persistence.result
FAIL tests/filesys/extended/grow-seq-sm-persistence
Kernel panic in file system extraction run: PANIC at ../../filesys/fsutil.c:187 in fsutil_append(): fs.tar: open failed
Call stack: 0xc0029db6 0x615f6c69
Translation of call stack:
0xc0029db6: debug_panic (.../../lib/kernel/debug.c:38)
0x615f6c69: (unknown)
perl -I../.. ../../tests/filesys/extended/grow-sparse-persistence.ck tests/filesys/extended/grow-sparse-persistence tests/filesys/extended/grow-sparse-persistence.result
FAIL tests/filesys/extended/grow-sparse-persistence
Error extracting file system:
/: open failed
perl -I../.. ../../tests/filesys/extended/grow-tell-persistence.ck tests/filesys/extended/grow-tell-persistence tests/filesys/extended/grow-tell-persistence.result
FAIL tests/filesys/extended/grow-tell-persistence
Kernel panic in file system extraction run: PANIC at ../../filesys/fsutil.c:187 in fsutil_append(): fs.tar: open failed
Call stack: 0xc0029db6 0x615f6c69
Translation of call stack:
0xc0029db6: debug_panic (.../../lib/kernel/debug.c:38)
0x615f6c69: (unknown)
perl -I../.. ../../tests/filesys/extended/grow-two-files-persistence.ck tests/filesys/extended/grow-two-files-persistence tests/filesys/extended/grow-two-files-persistence.result
FAIL tests/filesys/extended/grow-two-files-persistence
Error extracting file system:
/: open failed
perl -I../.. ../../tests/filesys/extended/syn-rw-persistence.ck tests/filesys/extended/syn-rw-persistence tests/filesys/extended/syn-rw-persistence.result
FAIL tests/filesys/extended/syn-rw-persistence
Error extracting file system:
/: open failed
pass tests/userprog/args-none
pass tests/userprog/args-single
pass tests/userprog/args-multiple
pass tests/userprog/args-many
pass tests/userprog/args-dbl-space
pass tests/userprog/sc-bad-sp
pass tests/userprog/sc-bad-arg
pass tests/userprog/sc-boundary
pass tests/userprog/sc-boundary-2
pass tests/userprog/sc-boundary-3
pass tests/userprog/halt
pass tests/userprog/exit
pass tests/userprog/create-normal
pass tests/userprog/create-empty
pass tests/userprog/create-null
pass tests/userprog/create-bad-ptr
pass tests/userprog/create-long
pass tests/userprog/create-exists
pass tests/userprog/create-bound
pass tests/userprog/open-normal
pass tests/userprog/open-missing
pass tests/userprog/open-boundary
pass tests/userprog/open-empty
pass tests/userprog/open-null
pass tests/userprog/open-bad-ptr
pass tests/userprog/open-twice
pass tests/userprog/close-normal
pass tests/userprog/close-twice
pass tests/userprog/close-stdin
pass tests/userprog/close-stdout
pass tests/userprog/close-bad-fd
pass tests/userprog/read-normal
pass tests/userprog/read-bad-ptr
pass tests/userprog/read-boundary
pass tests/userprog/read-zero
pass tests/userprog/read-stdout
pass tests/userprog/read-bad-fd
pass tests/userprog/write-normal
pass tests/userprog/write-bad-ptr
pass tests/userprog/write-boundary
pass tests/userprog/write-zero
pass tests/userprog/write-stdin
pass tests/userprog/write-bad-fd
pass tests/userprog/exec-once
pass tests/userprog/exec-arg
pass tests/userprog/exec-bound
pass tests/userprog/exec-bound-2
pass tests/userprog/exec-bound-3
pass tests/userprog/exec-multiple
pass tests/userprog/exec-missing
pass tests/userprog/exec-bad-ptr
pass tests/userprog/wait-simple
pass tests/userprog/wait-twice
pass tests/userprog/wait-killed
pass tests/userprog/wait-bad-pid
pass tests/userprog/multi-recurse
pass tests/userprog/multi-child-fd
pass tests/userprog/rox-simple
pass tests/userprog/rox-child
pass tests/userprog/rox-multichild
pass tests/userprog/bad-read
pass tests/userprog/bad-write
pass tests/userprog/bad-read2
pass tests/userprog/bad-write2
pass tests/userprog/bad-jump
pass tests/userprog/bad-jump2
pass tests/filesys/base/lg-create
pass tests/filesys/base/lg-full
pass tests/filesys/base/lg-random
pass tests/filesys/base/lg-seq-block
pass tests/filesys/base/lg-seq-random
pass tests/filesys/base/sm-create
pass tests/filesys/base/sm-full
pass tests/filesys/base/sm-random
pass tests/filesys/base/sm-seq-block
pass tests/filesys/base/sm-seq-random
pass tests/filesys/base/syn-read
pass tests/filesys/base/syn-remove
pass tests/filesys/base/syn-write
FAIL tests/filesys/extended/dir-empty-name
FAIL tests/filesys/extended/dir-mk-tree
FAIL tests/filesys/extended/dir-mkdir
FAIL tests/filesys/extended/dir-open
FAIL tests/filesys/extended/dir-over-file
FAIL tests/filesys/extended/dir-rm-cwd
FAIL tests/filesys/extended/dir-rm-parent
pass tests/filesys/extended/dir-rm-root
FAIL tests/filesys/extended/dir-rm-tree
FAIL tests/filesys/extended/dir-rmdir
FAIL tests/filesys/extended/dir-under-file
FAIL tests/filesys/extended/dir-vine
pass tests/filesys/extended/grow-create
FAIL tests/filesys/extended/grow-dir-lg
pass tests/filesys/extended/grow-file-size
pass tests/filesys/extended/grow-root-lg
pass tests/filesys/extended/grow-root-sm
pass tests/filesys/extended/grow-seq-lg
pass tests/filesys/extended/grow-seq-sm
pass tests/filesys/extended/grow-sparse
pass tests/filesys/extended/grow-tell
pass tests/filesys/extended/grow-two-files
pass tests/filesys/extended/syn-rw
FAIL tests/filesys/extended/dir-empty-name-persistence
FAIL tests/filesys/extended/dir-mk-tree-persistence
FAIL tests/filesys/extended/dir-mkdir-persistence
FAIL tests/filesys/extended/dir-open-persistence
FAIL tests/filesys/extended/dir-over-file-persistence
FAIL tests/filesys/extended/dir-rm-cwd-persistence
FAIL tests/filesys/extended/dir-rm-parent-persistence
FAIL tests/filesys/extended/dir-rm-root-persistence
FAIL tests/filesys/extended/dir-rm-tree-persistence
FAIL tests/filesys/extended/dir-rmdir-persistence
FAIL tests/filesys/extended/dir-under-file-persistence
FAIL tests/filesys/extended/dir-vine-persistence
FAIL tests/filesys/extended/grow-create-persistence
FAIL tests/filesys/extended/grow-dir-lg-persistence
FAIL tests/filesys/extended/grow-file-size-persistence
FAIL tests/filesys/extended/grow-root-lg-persistence
FAIL tests/filesys/extended/grow-root-sm-persistence
FAIL tests/filesys/extended/grow-seq-lg-persistence
FAIL tests/filesys/extended/grow-seq-sm-persistence
FAIL tests/filesys/extended/grow-sparse-persistence
FAIL tests/filesys/extended/grow-tell-persistence
FAIL tests/filesys/extended/grow-two-files-persistence
FAIL tests/filesys/extended/syn-rw-persistence
35 of 125 tests failed.
make: *** [../../tests/Make.tests:27: check] Error 1